<?xml version="1.0" encoding="utf-8"?><testsuites name="pytest tests"><testsuite name="pytest" errors="0" failures="0" skipped="0" tests="14" time="25.423" timestamp="2026-07-22T06:42:26.441754+00:00" hostname="agent-env-944617ee-0903-42be-b763-9b9baa7173c4"><testcase classname="tests.backend_test" name="test_root" time="0.206" /><testcase classname="tests.backend_test" name="test_login_invalid" time="0.088" /><testcase classname="tests.backend_test" name="test_register_duplicate" time="0.437" /><testcase classname="tests.backend_test" name="test_me_bearer" time="0.444" /><testcase classname="tests.backend_test" name="test_me_unauth" time="0.098" /><testcase classname="tests.backend_test" name="test_me_cookie" time="0.403" /><testcase classname="tests.backend_test" name="test_dashboard_overview" time="0.092" /><testcase classname="tests.backend_test" name="test_smart_home_state" time="0.086" /><testcase classname="tests.backend_test" name="test_smart_home_toggle_persistence" time="0.333" /><testcase classname="tests.backend_test" name="test_smart_home_toggle_404" time="0.091" /><testcase classname="tests.backend_test" name="test_chat_conversations" time="0.095" /><testcase classname="tests.backend_test" name="test_chat_send_and_history" time="2.682" /><testcase classname="tests.backend_test" name="test_consensus_query" time="19.767" /><testcase classname="tests.backend_test" name="test_consensus_unauth" time="0.117" /></testsuite></testsuites>